

Started GET "/" for 127.0.0.1 at 2014-03-17 23:07:12 +0545
Processing by Rails::WelcomeController#index as HTML
  Rendered /usr/local/rvm/gems/ruby-2.0.0-p195/gems/railties-4.0.3/lib/rails/templates/rails/welcome/index.html.erb (1.3ms)
Completed 200 OK in 24ms (Views: 6.4ms | ActiveRecord: 0.0ms)


Started GET "/pages" for 127.0.0.1 at 2014-03-17 23:07:14 +0545

ActionController::RoutingError (No route matches [GET] "/pages"):
  actionpack (4.0.3) lib/action_dispatch/middleware/debug_exceptions.rb:21:in `call'
  actionpack (4.0.3) lib/action_dispatch/middleware/show_exceptions.rb:30:in `call'
  railties (4.0.3) lib/rails/rack/logger.rb:38:in `call_app'
  railties (4.0.3) lib/rails/rack/logger.rb:20:in `block in call'
  activesupport (4.0.3) lib/active_support/tagged_logging.rb:67:in `block in tagged'
  activesupport (4.0.3) lib/active_support/tagged_logging.rb:25:in `tagged'
  activesupport (4.0.3) lib/active_support/tagged_logging.rb:67:in `tagged'
  railties (4.0.3) lib/rails/rack/logger.rb:20:in `call'
  actionpack (4.0.3) lib/action_dispatch/middleware/request_id.rb:21:in `call'
  rack (1.5.2) lib/rack/methodoverride.rb:21:in `call'
  rack (1.5.2) lib/rack/runtime.rb:17:in `call'
  activesupport (4.0.3) lib/active_support/cache/strategy/local_cache.rb:83:in `call'
  rack (1.5.2) lib/rack/lock.rb:17:in `call'
  actionpack (4.0.3) lib/action_dispatch/middleware/static.rb:64:in `call'
  rack (1.5.2) lib/rack/sendfile.rb:112:in `call'
  railties (4.0.3) lib/rails/engine.rb:511:in `call'
  railties (4.0.3) lib/rails/application.rb:97:in `call'
  rack (1.5.2) lib/rack/lock.rb:17:in `call'
  rack (1.5.2) lib/rack/content_length.rb:14:in `call'
  rack (1.5.2) lib/rack/handler/webrick.rb:60:in `service'
  /usr/local/rvm/rubies/ruby-2.0.0-p195/lib/ruby/2.0.0/webrick/httpserver.rb:138:in `service'
  /usr/local/rvm/rubies/ruby-2.0.0-p195/lib/ruby/2.0.0/webrick/httpserver.rb:94:in `run'
  /usr/local/rvm/rubies/ruby-2.0.0-p195/lib/ruby/2.0.0/webrick/server.rb:295:in `block in start_thread'


  Rendered /usr/local/rvm/gems/ruby-2.0.0-p195/gems/actionpack-4.0.3/lib/action_dispatch/middleware/templates/rescues/_trace.erb (1.2ms)
  Rendered /usr/local/rvm/gems/ruby-2.0.0-p195/gems/actionpack-4.0.3/lib/action_dispatch/middleware/templates/routes/_route.html.erb (1.7ms)
  Rendered /usr/local/rvm/gems/ruby-2.0.0-p195/gems/actionpack-4.0.3/lib/action_dispatch/middleware/templates/routes/_table.html.erb (7.2ms)
  Rendered /usr/local/rvm/gems/ruby-2.0.0-p195/gems/actionpack-4.0.3/lib/action_dispatch/middleware/templates/rescues/routing_error.erb within rescues/layout (45.8ms)


Started GET "/pages/home" for 127.0.0.1 at 2014-03-17 23:07:18 +0545
Processing by PagesController#home as HTML
  Rendered pages/home.html.erb within layouts/application (0.8ms)
Completed 200 OK in 999ms (Views: 997.2ms | ActiveRecord: 0.0ms)


Started GET "/assets/application.css?body=1" for 127.0.0.1 at 2014-03-17 23:07:19 +0545


Started GET "/assets/pages.css?body=1" for 127.0.0.1 at 2014-03-17 23:07:19 +0545


Started GET "/assets/jquery.js?body=1" for 127.0.0.1 at 2014-03-17 23:07:19 +0545


Started GET "/assets/jquery_ujs.js?body=1" for 127.0.0.1 at 2014-03-17 23:07:19 +0545


Started GET "/assets/pages.js?body=1" for 127.0.0.1 at 2014-03-17 23:07:19 +0545


Started GET "/assets/turbolinks.js?body=1" for 127.0.0.1 at 2014-03-17 23:07:19 +0545


Started GET "/assets/application.js?body=1" for 127.0.0.1 at 2014-03-17 23:07:19 +0545


Started GET "/pages/home" for 127.0.0.1 at 2014-03-17 23:11:49 +0545

ActionController::RoutingError (No route matches [GET] "/pages/home"):
  actionpack (4.0.3) lib/action_dispatch/middleware/debug_exceptions.rb:21:in `call'
  actionpack (4.0.3) lib/action_dispatch/middleware/show_exceptions.rb:30:in `call'
  railties (4.0.3) lib/rails/rack/logger.rb:38:in `call_app'
  railties (4.0.3) lib/rails/rack/logger.rb:20:in `block in call'
  activesupport (4.0.3) lib/active_support/tagged_logging.rb:67:in `block in tagged'
  activesupport (4.0.3) lib/active_support/tagged_logging.rb:25:in `tagged'
  activesupport (4.0.3) lib/active_support/tagged_logging.rb:67:in `tagged'
  railties (4.0.3) lib/rails/rack/logger.rb:20:in `call'
  actionpack (4.0.3) lib/action_dispatch/middleware/request_id.rb:21:in `call'
  rack (1.5.2) lib/rack/methodoverride.rb:21:in `call'
  rack (1.5.2) lib/rack/runtime.rb:17:in `call'
  activesupport (4.0.3) lib/active_support/cache/strategy/local_cache.rb:83:in `call'
  rack (1.5.2) lib/rack/lock.rb:17:in `call'
  actionpack (4.0.3) lib/action_dispatch/middleware/static.rb:64:in `call'
  rack (1.5.2) lib/rack/sendfile.rb:112:in `call'
  railties (4.0.3) lib/rails/engine.rb:511:in `call'
  railties (4.0.3) lib/rails/application.rb:97:in `call'
  rack (1.5.2) lib/rack/lock.rb:17:in `call'
  rack (1.5.2) lib/rack/content_length.rb:14:in `call'
  rack (1.5.2) lib/rack/handler/webrick.rb:60:in `service'
  /usr/local/rvm/rubies/ruby-2.0.0-p195/lib/ruby/2.0.0/webrick/httpserver.rb:138:in `service'
  /usr/local/rvm/rubies/ruby-2.0.0-p195/lib/ruby/2.0.0/webrick/httpserver.rb:94:in `run'
  /usr/local/rvm/rubies/ruby-2.0.0-p195/lib/ruby/2.0.0/webrick/server.rb:295:in `block in start_thread'


  Rendered /usr/local/rvm/gems/ruby-2.0.0-p195/gems/actionpack-4.0.3/lib/action_dispatch/middleware/templates/rescues/_trace.erb (1.0ms)
  Rendered /usr/local/rvm/gems/ruby-2.0.0-p195/gems/actionpack-4.0.3/lib/action_dispatch/middleware/templates/routes/_route.html.erb (2.2ms)
  Rendered /usr/local/rvm/gems/ruby-2.0.0-p195/gems/actionpack-4.0.3/lib/action_dispatch/middleware/templates/routes/_table.html.erb (1.8ms)
  Rendered /usr/local/rvm/gems/ruby-2.0.0-p195/gems/actionpack-4.0.3/lib/action_dispatch/middleware/templates/rescues/routing_error.erb within rescues/layout (21.8ms)


Started GET "/pages/home" for 127.0.0.1 at 2014-03-17 23:12:10 +0545

ActionController::RoutingError (No route matches [GET] "/pages/home"):
  actionpack (4.0.3) lib/action_dispatch/middleware/debug_exceptions.rb:21:in `call'
  actionpack (4.0.3) lib/action_dispatch/middleware/show_exceptions.rb:30:in `call'
  railties (4.0.3) lib/rails/rack/logger.rb:38:in `call_app'
  railties (4.0.3) lib/rails/rack/logger.rb:20:in `block in call'
  activesupport (4.0.3) lib/active_support/tagged_logging.rb:67:in `block in tagged'
  activesupport (4.0.3) lib/active_support/tagged_logging.rb:25:in `tagged'
  activesupport (4.0.3) lib/active_support/tagged_logging.rb:67:in `tagged'
  railties (4.0.3) lib/rails/rack/logger.rb:20:in `call'
  actionpack (4.0.3) lib/action_dispatch/middleware/request_id.rb:21:in `call'
  rack (1.5.2) lib/rack/methodoverride.rb:21:in `call'
  rack (1.5.2) lib/rack/runtime.rb:17:in `call'
  activesupport (4.0.3) lib/active_support/cache/strategy/local_cache.rb:83:in `call'
  rack (1.5.2) lib/rack/lock.rb:17:in `call'
  actionpack (4.0.3) lib/action_dispatch/middleware/static.rb:64:in `call'
  rack (1.5.2) lib/rack/sendfile.rb:112:in `call'
  railties (4.0.3) lib/rails/engine.rb:511:in `call'
  railties (4.0.3) lib/rails/application.rb:97:in `call'
  rack (1.5.2) lib/rack/lock.rb:17:in `call'
  rack (1.5.2) lib/rack/content_length.rb:14:in `call'
  rack (1.5.2) lib/rack/handler/webrick.rb:60:in `service'
  /usr/local/rvm/rubies/ruby-2.0.0-p195/lib/ruby/2.0.0/webrick/httpserver.rb:138:in `service'
  /usr/local/rvm/rubies/ruby-2.0.0-p195/lib/ruby/2.0.0/webrick/httpserver.rb:94:in `run'
  /usr/local/rvm/rubies/ruby-2.0.0-p195/lib/ruby/2.0.0/webrick/server.rb:295:in `block in start_thread'


  Rendered /usr/local/rvm/gems/ruby-2.0.0-p195/gems/actionpack-4.0.3/lib/action_dispatch/middleware/templates/rescues/_trace.erb (1.2ms)
  Rendered /usr/local/rvm/gems/ruby-2.0.0-p195/gems/actionpack-4.0.3/lib/action_dispatch/middleware/templates/routes/_route.html.erb (0.9ms)
  Rendered /usr/local/rvm/gems/ruby-2.0.0-p195/gems/actionpack-4.0.3/lib/action_dispatch/middleware/templates/routes/_table.html.erb (1.5ms)
  Rendered /usr/local/rvm/gems/ruby-2.0.0-p195/gems/actionpack-4.0.3/lib/action_dispatch/middleware/templates/rescues/routing_error.erb within rescues/layout (14.7ms)


Started GET "/pages/home" for 127.0.0.1 at 2014-03-17 23:12:11 +0545

ActionController::RoutingError (No route matches [GET] "/pages/home"):
  actionpack (4.0.3) lib/action_dispatch/middleware/debug_exceptions.rb:21:in `call'
  actionpack (4.0.3) lib/action_dispatch/middleware/show_exceptions.rb:30:in `call'
  railties (4.0.3) lib/rails/rack/logger.rb:38:in `call_app'
  railties (4.0.3) lib/rails/rack/logger.rb:20:in `block in call'
  activesupport (4.0.3) lib/active_support/tagged_logging.rb:67:in `block in tagged'
  activesupport (4.0.3) lib/active_support/tagged_logging.rb:25:in `tagged'
  activesupport (4.0.3) lib/active_support/tagged_logging.rb:67:in `tagged'
  railties (4.0.3) lib/rails/rack/logger.rb:20:in `call'
  actionpack (4.0.3) lib/action_dispatch/middleware/request_id.rb:21:in `call'
  rack (1.5.2) lib/rack/methodoverride.rb:21:in `call'
  rack (1.5.2) lib/rack/runtime.rb:17:in `call'
  activesupport (4.0.3) lib/active_support/cache/strategy/local_cache.rb:83:in `call'
  rack (1.5.2) lib/rack/lock.rb:17:in `call'
  actionpack (4.0.3) lib/action_dispatch/middleware/static.rb:64:in `call'
  rack (1.5.2) lib/rack/sendfile.rb:112:in `call'
  railties (4.0.3) lib/rails/engine.rb:511:in `call'
  railties (4.0.3) lib/rails/application.rb:97:in `call'
  rack (1.5.2) lib/rack/lock.rb:17:in `call'
  rack (1.5.2) lib/rack/content_length.rb:14:in `call'
  rack (1.5.2) lib/rack/handler/webrick.rb:60:in `service'
  /usr/local/rvm/rubies/ruby-2.0.0-p195/lib/ruby/2.0.0/webrick/httpserver.rb:138:in `service'
  /usr/local/rvm/rubies/ruby-2.0.0-p195/lib/ruby/2.0.0/webrick/httpserver.rb:94:in `run'
  /usr/local/rvm/rubies/ruby-2.0.0-p195/lib/ruby/2.0.0/webrick/server.rb:295:in `block in start_thread'


  Rendered /usr/local/rvm/gems/ruby-2.0.0-p195/gems/actionpack-4.0.3/lib/action_dispatch/middleware/templates/rescues/_trace.erb (1.4ms)
  Rendered /usr/local/rvm/gems/ruby-2.0.0-p195/gems/actionpack-4.0.3/lib/action_dispatch/middleware/templates/routes/_route.html.erb (1.7ms)
  Rendered /usr/local/rvm/gems/ruby-2.0.0-p195/gems/actionpack-4.0.3/lib/action_dispatch/middleware/templates/routes/_table.html.erb (1.2ms)
  Rendered /usr/local/rvm/gems/ruby-2.0.0-p195/gems/actionpack-4.0.3/lib/action_dispatch/middleware/templates/rescues/routing_error.erb within rescues/layout (19.5ms)


Started GET "/pages/home" for 127.0.0.1 at 2014-03-17 23:12:11 +0545

ActionController::RoutingError (No route matches [GET] "/pages/home"):
  actionpack (4.0.3) lib/action_dispatch/middleware/debug_exceptions.rb:21:in `call'
  actionpack (4.0.3) lib/action_dispatch/middleware/show_exceptions.rb:30:in `call'
  railties (4.0.3) lib/rails/rack/logger.rb:38:in `call_app'
  railties (4.0.3) lib/rails/rack/logger.rb:20:in `block in call'
  activesupport (4.0.3) lib/active_support/tagged_logging.rb:67:in `block in tagged'
  activesupport (4.0.3) lib/active_support/tagged_logging.rb:25:in `tagged'
  activesupport (4.0.3) lib/active_support/tagged_logging.rb:67:in `tagged'
  railties (4.0.3) lib/rails/rack/logger.rb:20:in `call'
  actionpack (4.0.3) lib/action_dispatch/middleware/request_id.rb:21:in `call'
  rack (1.5.2) lib/rack/methodoverride.rb:21:in `call'
  rack (1.5.2) lib/rack/runtime.rb:17:in `call'
  activesupport (4.0.3) lib/active_support/cache/strategy/local_cache.rb:83:in `call'
  rack (1.5.2) lib/rack/lock.rb:17:in `call'
  actionpack (4.0.3) lib/action_dispatch/middleware/static.rb:64:in `call'
  rack (1.5.2) lib/rack/sendfile.rb:112:in `call'
  railties (4.0.3) lib/rails/engine.rb:511:in `call'
  railties (4.0.3) lib/rails/application.rb:97:in `call'
  rack (1.5.2) lib/rack/lock.rb:17:in `call'
  rack (1.5.2) lib/rack/content_length.rb:14:in `call'
  rack (1.5.2) lib/rack/handler/webrick.rb:60:in `service'
  /usr/local/rvm/rubies/ruby-2.0.0-p195/lib/ruby/2.0.0/webrick/httpserver.rb:138:in `service'
  /usr/local/rvm/rubies/ruby-2.0.0-p195/lib/ruby/2.0.0/webrick/httpserver.rb:94:in `run'
  /usr/local/rvm/rubies/ruby-2.0.0-p195/lib/ruby/2.0.0/webrick/server.rb:295:in `block in start_thread'


  Rendered /usr/local/rvm/gems/ruby-2.0.0-p195/gems/actionpack-4.0.3/lib/action_dispatch/middleware/templates/rescues/_trace.erb (2.1ms)
  Rendered /usr/local/rvm/gems/ruby-2.0.0-p195/gems/actionpack-4.0.3/lib/action_dispatch/middleware/templates/routes/_route.html.erb (0.9ms)
  Rendered /usr/local/rvm/gems/ruby-2.0.0-p195/gems/actionpack-4.0.3/lib/action_dispatch/middleware/templates/routes/_table.html.erb (1.1ms)
  Rendered /usr/local/rvm/gems/ruby-2.0.0-p195/gems/actionpack-4.0.3/lib/action_dispatch/middleware/templates/rescues/routing_error.erb within rescues/layout (19.4ms)


Started GET "/pages/home" for 127.0.0.1 at 2014-03-17 23:12:11 +0545

ActionController::RoutingError (No route matches [GET] "/pages/home"):
  actionpack (4.0.3) lib/action_dispatch/middleware/debug_exceptions.rb:21:in `call'
  actionpack (4.0.3) lib/action_dispatch/middleware/show_exceptions.rb:30:in `call'
  railties (4.0.3) lib/rails/rack/logger.rb:38:in `call_app'
  railties (4.0.3) lib/rails/rack/logger.rb:20:in `block in call'
  activesupport (4.0.3) lib/active_support/tagged_logging.rb:67:in `block in tagged'
  activesupport (4.0.3) lib/active_support/tagged_logging.rb:25:in `tagged'
  activesupport (4.0.3) lib/active_support/tagged_logging.rb:67:in `tagged'
  railties (4.0.3) lib/rails/rack/logger.rb:20:in `call'
  actionpack (4.0.3) lib/action_dispatch/middleware/request_id.rb:21:in `call'
  rack (1.5.2) lib/rack/methodoverride.rb:21:in `call'
  rack (1.5.2) lib/rack/runtime.rb:17:in `call'
  activesupport (4.0.3) lib/active_support/cache/strategy/local_cache.rb:83:in `call'
  rack (1.5.2) lib/rack/lock.rb:17:in `call'
  actionpack (4.0.3) lib/action_dispatch/middleware/static.rb:64:in `call'
  rack (1.5.2) lib/rack/sendfile.rb:112:in `call'
  railties (4.0.3) lib/rails/engine.rb:511:in `call'
  railties (4.0.3) lib/rails/application.rb:97:in `call'
  rack (1.5.2) lib/rack/lock.rb:17:in `call'
  rack (1.5.2) lib/rack/content_length.rb:14:in `call'
  rack (1.5.2) lib/rack/handler/webrick.rb:60:in `service'
  /usr/local/rvm/rubies/ruby-2.0.0-p195/lib/ruby/2.0.0/webrick/httpserver.rb:138:in `service'
  /usr/local/rvm/rubies/ruby-2.0.0-p195/lib/ruby/2.0.0/webrick/httpserver.rb:94:in `run'
  /usr/local/rvm/rubies/ruby-2.0.0-p195/lib/ruby/2.0.0/webrick/server.rb:295:in `block in start_thread'


  Rendered /usr/local/rvm/gems/ruby-2.0.0-p195/gems/actionpack-4.0.3/lib/action_dispatch/middleware/templates/rescues/_trace.erb (3.2ms)
  Rendered /usr/local/rvm/gems/ruby-2.0.0-p195/gems/actionpack-4.0.3/lib/action_dispatch/middleware/templates/routes/_route.html.erb (1.5ms)
  Rendered /usr/local/rvm/gems/ruby-2.0.0-p195/gems/actionpack-4.0.3/lib/action_dispatch/middleware/templates/routes/_table.html.erb (1.9ms)
  Rendered /usr/local/rvm/gems/ruby-2.0.0-p195/gems/actionpack-4.0.3/lib/action_dispatch/middleware/templates/rescues/routing_error.erb within rescues/layout (22.5ms)


Started GET "/pages/home" for 127.0.0.1 at 2014-03-17 23:12:11 +0545

ActionController::RoutingError (No route matches [GET] "/pages/home"):
  actionpack (4.0.3) lib/action_dispatch/middleware/debug_exceptions.rb:21:in `call'
  actionpack (4.0.3) lib/action_dispatch/middleware/show_exceptions.rb:30:in `call'
  railties (4.0.3) lib/rails/rack/logger.rb:38:in `call_app'
  railties (4.0.3) lib/rails/rack/logger.rb:20:in `block in call'
  activesupport (4.0.3) lib/active_support/tagged_logging.rb:67:in `block in tagged'
  activesupport (4.0.3) lib/active_support/tagged_logging.rb:25:in `tagged'
  activesupport (4.0.3) lib/active_support/tagged_logging.rb:67:in `tagged'
  railties (4.0.3) lib/rails/rack/logger.rb:20:in `call'
  actionpack (4.0.3) lib/action_dispatch/middleware/request_id.rb:21:in `call'
  rack (1.5.2) lib/rack/methodoverride.rb:21:in `call'
  rack (1.5.2) lib/rack/runtime.rb:17:in `call'
  activesupport (4.0.3) lib/active_support/cache/strategy/local_cache.rb:83:in `call'
  rack (1.5.2) lib/rack/lock.rb:17:in `call'
  actionpack (4.0.3) lib/action_dispatch/middleware/static.rb:64:in `call'
  rack (1.5.2) lib/rack/sendfile.rb:112:in `call'
  railties (4.0.3) lib/rails/engine.rb:511:in `call'
  railties (4.0.3) lib/rails/application.rb:97:in `call'
  rack (1.5.2) lib/rack/lock.rb:17:in `call'
  rack (1.5.2) lib/rack/content_length.rb:14:in `call'
  rack (1.5.2) lib/rack/handler/webrick.rb:60:in `service'
  /usr/local/rvm/rubies/ruby-2.0.0-p195/lib/ruby/2.0.0/webrick/httpserver.rb:138:in `service'
  /usr/local/rvm/rubies/ruby-2.0.0-p195/lib/ruby/2.0.0/webrick/httpserver.rb:94:in `run'
  /usr/local/rvm/rubies/ruby-2.0.0-p195/lib/ruby/2.0.0/webrick/server.rb:295:in `block in start_thread'


  Rendered /usr/local/rvm/gems/ruby-2.0.0-p195/gems/actionpack-4.0.3/lib/action_dispatch/middleware/templates/rescues/_trace.erb (4.2ms)
  Rendered /usr/local/rvm/gems/ruby-2.0.0-p195/gems/actionpack-4.0.3/lib/action_dispatch/middleware/templates/routes/_route.html.erb (1.4ms)
  Rendered /usr/local/rvm/gems/ruby-2.0.0-p195/gems/actionpack-4.0.3/lib/action_dispatch/middleware/templates/routes/_table.html.erb (1.4ms)
  Rendered /usr/local/rvm/gems/ruby-2.0.0-p195/gems/actionpack-4.0.3/lib/action_dispatch/middleware/templates/rescues/routing_error.erb within rescues/layout (27.8ms)


Started GET "/" for 127.0.0.1 at 2014-03-17 23:12:14 +0545
Processing by PagesController#home as HTML
  Rendered pages/home.html.erb within layouts/application (0.1ms)
Completed 200 OK in 52ms (Views: 50.7ms | ActiveRecord: 0.0ms)


Started GET "/assets/application.css?body=1" for 127.0.0.1 at 2014-03-17 23:12:14 +0545


Started GET "/assets/pages.css?body=1" for 127.0.0.1 at 2014-03-17 23:12:14 +0545


Started GET "/assets/turbolinks.js?body=1" for 127.0.0.1 at 2014-03-17 23:12:14 +0545


Started GET "/assets/jquery.js?body=1" for 127.0.0.1 at 2014-03-17 23:12:14 +0545


Started GET "/assets/jquery_ujs.js?body=1" for 127.0.0.1 at 2014-03-17 23:12:14 +0545


Started GET "/assets/application.js?body=1" for 127.0.0.1 at 2014-03-17 23:12:14 +0545


Started GET "/assets/pages.js?body=1" for 127.0.0.1 at 2014-03-17 23:12:14 +0545


Started GET "/" for 127.0.0.1 at 2014-03-18 21:48:55 +0545
Processing by PagesController#home as HTML
  Rendered pages/home.html.erb within layouts/application (2.3ms)
Completed 200 OK in 210ms (Views: 177.4ms | ActiveRecord: 0.0ms)


Started GET "/assets/application.css?body=1" for 127.0.0.1 at 2014-03-18 21:48:56 +0545


Started GET "/assets/jquery.js?body=1" for 127.0.0.1 at 2014-03-18 21:48:56 +0545


Started GET "/assets/pages.css?body=1" for 127.0.0.1 at 2014-03-18 21:48:56 +0545


Started GET "/assets/jquery_ujs.js?body=1" for 127.0.0.1 at 2014-03-18 21:48:56 +0545


Started GET "/assets/pages.js?body=1" for 127.0.0.1 at 2014-03-18 21:48:56 +0545


Started GET "/assets/turbolinks.js?body=1" for 127.0.0.1 at 2014-03-18 21:48:56 +0545


Started GET "/assets/application.js?body=1" for 127.0.0.1 at 2014-03-18 21:48:56 +0545


Started GET "/about" for 127.0.0.1 at 2014-03-18 21:50:41 +0545

ActionController::RoutingError (No route matches [GET] "/about"):
  actionpack (4.0.3) lib/action_dispatch/middleware/debug_exceptions.rb:21:in `call'
  actionpack (4.0.3) lib/action_dispatch/middleware/show_exceptions.rb:30:in `call'
  railties (4.0.3) lib/rails/rack/logger.rb:38:in `call_app'
  railties (4.0.3) lib/rails/rack/logger.rb:20:in `block in call'
  activesupport (4.0.3) lib/active_support/tagged_logging.rb:67:in `block in tagged'
  activesupport (4.0.3) lib/active_support/tagged_logging.rb:25:in `tagged'
  activesupport (4.0.3) lib/active_support/tagged_logging.rb:67:in `tagged'
  railties (4.0.3) lib/rails/rack/logger.rb:20:in `call'
  actionpack (4.0.3) lib/action_dispatch/middleware/request_id.rb:21:in `call'
  rack (1.5.2) lib/rack/methodoverride.rb:21:in `call'
  rack (1.5.2) lib/rack/runtime.rb:17:in `call'
  activesupport (4.0.3) lib/active_support/cache/strategy/local_cache.rb:83:in `call'
  rack (1.5.2) lib/rack/lock.rb:17:in `call'
  actionpack (4.0.3) lib/action_dispatch/middleware/static.rb:64:in `call'
  rack (1.5.2) lib/rack/sendfile.rb:112:in `call'
  railties (4.0.3) lib/rails/engine.rb:511:in `call'
  railties (4.0.3) lib/rails/application.rb:97:in `call'
  rack (1.5.2) lib/rack/lock.rb:17:in `call'
  rack (1.5.2) lib/rack/content_length.rb:14:in `call'
  rack (1.5.2) lib/rack/handler/webrick.rb:60:in `service'
  /usr/local/rvm/rubies/ruby-2.0.0-p195/lib/ruby/2.0.0/webrick/httpserver.rb:138:in `service'
  /usr/local/rvm/rubies/ruby-2.0.0-p195/lib/ruby/2.0.0/webrick/httpserver.rb:94:in `run'
  /usr/local/rvm/rubies/ruby-2.0.0-p195/lib/ruby/2.0.0/webrick/server.rb:295:in `block in start_thread'


  Rendered /usr/local/rvm/gems/ruby-2.0.0-p195/gems/actionpack-4.0.3/lib/action_dispatch/middleware/templates/rescues/_trace.erb (1.1ms)
  Rendered /usr/local/rvm/gems/ruby-2.0.0-p195/gems/actionpack-4.0.3/lib/action_dispatch/middleware/templates/routes/_route.html.erb (0.9ms)
  Rendered /usr/local/rvm/gems/ruby-2.0.0-p195/gems/actionpack-4.0.3/lib/action_dispatch/middleware/templates/routes/_table.html.erb (12.5ms)
  Rendered /usr/local/rvm/gems/ruby-2.0.0-p195/gems/actionpack-4.0.3/lib/action_dispatch/middleware/templates/rescues/routing_error.erb within rescues/layout (42.8ms)


Started GET "/about" for 127.0.0.1 at 2014-03-18 21:51:56 +0545
Processing by PagesController#home as HTML
  Rendered pages/home.html.erb within layouts/application (0.5ms)
Completed 200 OK in 95ms (Views: 75.6ms | ActiveRecord: 0.0ms)


Started GET "/assets/application.css?body=1" for 127.0.0.1 at 2014-03-18 21:51:56 +0545


Started GET "/assets/jquery.js?body=1" for 127.0.0.1 at 2014-03-18 21:51:56 +0545


Started GET "/assets/jquery_ujs.js?body=1" for 127.0.0.1 at 2014-03-18 21:51:56 +0545


Started GET "/assets/turbolinks.js?body=1" for 127.0.0.1 at 2014-03-18 21:51:56 +0545


Started GET "/assets/pages.css?body=1" for 127.0.0.1 at 2014-03-18 21:51:56 +0545


Started GET "/assets/application.js?body=1" for 127.0.0.1 at 2014-03-18 21:51:56 +0545


Started GET "/assets/pages.js?body=1" for 127.0.0.1 at 2014-03-18 21:51:56 +0545


Started GET "/about" for 127.0.0.1 at 2014-03-18 21:52:57 +0545
Processing by PagesController#home as HTML
  Rendered pages/home.html.erb within layouts/application (0.7ms)
Completed 200 OK in 9ms (Views: 7.6ms | ActiveRecord: 0.0ms)


Started GET "/assets/application.css?body=1" for 127.0.0.1 at 2014-03-18 21:52:57 +0545


Started GET "/assets/application.js?body=1" for 127.0.0.1 at 2014-03-18 21:52:57 +0545


Started GET "/assets/pages.css?body=1" for 127.0.0.1 at 2014-03-18 21:52:57 +0545


Started GET "/assets/jquery_ujs.js?body=1" for 127.0.0.1 at 2014-03-18 21:52:57 +0545


Started GET "/assets/jquery.js?body=1" for 127.0.0.1 at 2014-03-18 21:52:57 +0545


Started GET "/assets/pages.js?body=1" for 127.0.0.1 at 2014-03-18 21:52:57 +0545


Started GET "/assets/turbolinks.js?body=1" for 127.0.0.1 at 2014-03-18 21:52:57 +0545


Started GET "/about" for 127.0.0.1 at 2014-03-18 21:59:43 +0545
Processing by PagesController#home as HTML
  Rendered pages/home.html.erb within layouts/application (0.4ms)
Completed 200 OK in 6ms (Views: 4.6ms | ActiveRecord: 0.0ms)


Started GET "/assets/application.css?body=1" for 127.0.0.1 at 2014-03-18 21:59:44 +0545


Started GET "/assets/application.js?body=1" for 127.0.0.1 at 2014-03-18 21:59:44 +0545


Started GET "/assets/pages.css?body=1" for 127.0.0.1 at 2014-03-18 21:59:44 +0545


Started GET "/assets/jquery.js?body=1" for 127.0.0.1 at 2014-03-18 21:59:44 +0545


Started GET "/assets/jquery_ujs.js?body=1" for 127.0.0.1 at 2014-03-18 21:59:44 +0545


Started GET "/assets/turbolinks.js?body=1" for 127.0.0.1 at 2014-03-18 21:59:44 +0545


Started GET "/assets/pages.js?body=1" for 127.0.0.1 at 2014-03-18 21:59:44 +0545


Started GET "/about" for 127.0.0.1 at 2014-03-18 22:03:04 +0545
Processing by PagesController#home as HTML
  Rendered pages/home.html.erb within layouts/application (1.0ms)
Completed 200 OK in 11ms (Views: 9.3ms | ActiveRecord: 0.0ms)


Started GET "/assets/application.css?body=1" for 127.0.0.1 at 2014-03-18 22:03:04 +0545


Started GET "/assets/pages.css?body=1" for 127.0.0.1 at 2014-03-18 22:03:04 +0545


Started GET "/assets/jquery_ujs.js?body=1" for 127.0.0.1 at 2014-03-18 22:03:04 +0545


Started GET "/assets/jquery.js?body=1" for 127.0.0.1 at 2014-03-18 22:03:04 +0545


Started GET "/assets/application.js?body=1" for 127.0.0.1 at 2014-03-18 22:03:04 +0545


Started GET "/assets/turbolinks.js?body=1" for 127.0.0.1 at 2014-03-18 22:03:04 +0545


Started GET "/assets/pages.js?body=1" for 127.0.0.1 at 2014-03-18 22:03:04 +0545


Started GET "/about" for 127.0.0.1 at 2014-03-18 22:08:11 +0545
Processing by PagesController#home as HTML
  Rendered pages/home.html.erb within layouts/application (0.1ms)
Completed 200 OK in 5ms (Views: 4.8ms | ActiveRecord: 0.0ms)


Started GET "/assets/application.css?body=1" for 127.0.0.1 at 2014-03-18 22:08:11 +0545


Started GET "/assets/jquery.js?body=1" for 127.0.0.1 at 2014-03-18 22:08:11 +0545


Started GET "/assets/pages.css?body=1" for 127.0.0.1 at 2014-03-18 22:08:11 +0545


Started GET "/assets/jquery_ujs.js?body=1" for 127.0.0.1 at 2014-03-18 22:08:11 +0545


Started GET "/assets/application.js?body=1" for 127.0.0.1 at 2014-03-18 22:08:11 +0545


Started GET "/assets/turbolinks.js?body=1" for 127.0.0.1 at 2014-03-18 22:08:11 +0545


Started GET "/assets/pages.js?body=1" for 127.0.0.1 at 2014-03-18 22:08:11 +0545


Started GET "/about" for 127.0.0.1 at 2014-03-18 22:13:15 +0545
Processing by PagesController#about as HTML
  Rendered pages/about.html.erb within layouts/application (0.6ms)
Completed 200 OK in 7ms (Views: 5.2ms | ActiveRecord: 0.0ms)


Started GET "/assets/application.css?body=1" for 127.0.0.1 at 2014-03-18 22:13:15 +0545


Started GET "/assets/pages.css?body=1" for 127.0.0.1 at 2014-03-18 22:13:15 +0545


Started GET "/assets/application.js?body=1" for 127.0.0.1 at 2014-03-18 22:13:15 +0545


Started GET "/assets/jquery.js?body=1" for 127.0.0.1 at 2014-03-18 22:13:15 +0545


Started GET "/assets/jquery_ujs.js?body=1" for 127.0.0.1 at 2014-03-18 22:13:15 +0545


Started GET "/assets/turbolinks.js?body=1" for 127.0.0.1 at 2014-03-18 22:13:15 +0545


Started GET "/assets/pages.js?body=1" for 127.0.0.1 at 2014-03-18 22:13:15 +0545


Started GET "/" for 127.0.0.1 at 2014-03-18 22:13:23 +0545
Processing by PagesController#home as HTML
  Rendered pages/home.html.erb within layouts/application (1.7ms)
Completed 200 OK in 11ms (Views: 9.6ms | ActiveRecord: 0.0ms)


Started GET "/assets/pages.css?body=1" for 127.0.0.1 at 2014-03-18 22:13:23 +0545


Started GET "/assets/jquery_ujs.js?body=1" for 127.0.0.1 at 2014-03-18 22:13:23 +0545


Started GET "/assets/application.js?body=1" for 127.0.0.1 at 2014-03-18 22:13:23 +0545


Started GET "/assets/turbolinks.js?body=1" for 127.0.0.1 at 2014-03-18 22:13:23 +0545


Started GET "/assets/application.css?body=1" for 127.0.0.1 at 2014-03-18 22:13:23 +0545


Started GET "/assets/jquery.js?body=1" for 127.0.0.1 at 2014-03-18 22:13:23 +0545


Started GET "/assets/pages.js?body=1" for 127.0.0.1 at 2014-03-18 22:13:23 +0545


Started GET "/about" for 127.0.0.1 at 2014-03-18 22:13:26 +0545
Processing by PagesController#about as HTML
  Rendered pages/about.html.erb within layouts/application (0.8ms)
Completed 200 OK in 10ms (Views: 8.4ms | ActiveRecord: 0.0ms)


Started GET "/aboutr" for 127.0.0.1 at 2014-03-18 22:13:55 +0545

ActionController::RoutingError (No route matches [GET] "/aboutr"):
  actionpack (4.0.3) lib/action_dispatch/middleware/debug_exceptions.rb:21:in `call'
  actionpack (4.0.3) lib/action_dispatch/middleware/show_exceptions.rb:30:in `call'
  railties (4.0.3) lib/rails/rack/logger.rb:38:in `call_app'
  railties (4.0.3) lib/rails/rack/logger.rb:20:in `block in call'
  activesupport (4.0.3) lib/active_support/tagged_logging.rb:67:in `block in tagged'
  activesupport (4.0.3) lib/active_support/tagged_logging.rb:25:in `tagged'
  activesupport (4.0.3) lib/active_support/tagged_logging.rb:67:in `tagged'
  railties (4.0.3) lib/rails/rack/logger.rb:20:in `call'
  actionpack (4.0.3) lib/action_dispatch/middleware/request_id.rb:21:in `call'
  rack (1.5.2) lib/rack/methodoverride.rb:21:in `call'
  rack (1.5.2) lib/rack/runtime.rb:17:in `call'
  activesupport (4.0.3) lib/active_support/cache/strategy/local_cache.rb:83:in `call'
  rack (1.5.2) lib/rack/lock.rb:17:in `call'
  actionpack (4.0.3) lib/action_dispatch/middleware/static.rb:64:in `call'
  rack (1.5.2) lib/rack/sendfile.rb:112:in `call'
  railties (4.0.3) lib/rails/engine.rb:511:in `call'
  railties (4.0.3) lib/rails/application.rb:97:in `call'
  rack (1.5.2) lib/rack/lock.rb:17:in `call'
  rack (1.5.2) lib/rack/content_length.rb:14:in `call'
  rack (1.5.2) lib/rack/handler/webrick.rb:60:in `service'
  /usr/local/rvm/rubies/ruby-2.0.0-p195/lib/ruby/2.0.0/webrick/httpserver.rb:138:in `service'
  /usr/local/rvm/rubies/ruby-2.0.0-p195/lib/ruby/2.0.0/webrick/httpserver.rb:94:in `run'
  /usr/local/rvm/rubies/ruby-2.0.0-p195/lib/ruby/2.0.0/webrick/server.rb:295:in `block in start_thread'


  Rendered /usr/local/rvm/gems/ruby-2.0.0-p195/gems/actionpack-4.0.3/lib/action_dispatch/middleware/templates/rescues/_trace.erb (1.1ms)
  Rendered /usr/local/rvm/gems/ruby-2.0.0-p195/gems/actionpack-4.0.3/lib/action_dispatch/middleware/templates/routes/_route.html.erb (1.0ms)
  Rendered /usr/local/rvm/gems/ruby-2.0.0-p195/gems/actionpack-4.0.3/lib/action_dispatch/middleware/templates/routes/_table.html.erb (1.1ms)
  Rendered /usr/local/rvm/gems/ruby-2.0.0-p195/gems/actionpack-4.0.3/lib/action_dispatch/middleware/templates/rescues/routing_error.erb within rescues/layout (14.8ms)


Started GET "/aboutr" for 127.0.0.1 at 2014-03-18 22:14:32 +0545

ActionController::RoutingError (No route matches [GET] "/aboutr"):
  actionpack (4.0.3) lib/action_dispatch/middleware/debug_exceptions.rb:21:in `call'
  actionpack (4.0.3) lib/action_dispatch/middleware/show_exceptions.rb:30:in `call'
  railties (4.0.3) lib/rails/rack/logger.rb:38:in `call_app'
  railties (4.0.3) lib/rails/rack/logger.rb:20:in `block in call'
  activesupport (4.0.3) lib/active_support/tagged_logging.rb:67:in `block in tagged'
  activesupport (4.0.3) lib/active_support/tagged_logging.rb:25:in `tagged'
  activesupport (4.0.3) lib/active_support/tagged_logging.rb:67:in `tagged'
  railties (4.0.3) lib/rails/rack/logger.rb:20:in `call'
  actionpack (4.0.3) lib/action_dispatch/middleware/request_id.rb:21:in `call'
  rack (1.5.2) lib/rack/methodoverride.rb:21:in `call'
  rack (1.5.2) lib/rack/runtime.rb:17:in `call'
  activesupport (4.0.3) lib/active_support/cache/strategy/local_cache.rb:83:in `call'
  rack (1.5.2) lib/rack/lock.rb:17:in `call'
  actionpack (4.0.3) lib/action_dispatch/middleware/static.rb:64:in `call'
  rack (1.5.2) lib/rack/sendfile.rb:112:in `call'
  railties (4.0.3) lib/rails/engine.rb:511:in `call'
  railties (4.0.3) lib/rails/application.rb:97:in `call'
  rack (1.5.2) lib/rack/lock.rb:17:in `call'
  rack (1.5.2) lib/rack/content_length.rb:14:in `call'
  rack (1.5.2) lib/rack/handler/webrick.rb:60:in `service'
  /usr/local/rvm/rubies/ruby-2.0.0-p195/lib/ruby/2.0.0/webrick/httpserver.rb:138:in `service'
  /usr/local/rvm/rubies/ruby-2.0.0-p195/lib/ruby/2.0.0/webrick/httpserver.rb:94:in `run'
  /usr/local/rvm/rubies/ruby-2.0.0-p195/lib/ruby/2.0.0/webrick/server.rb:295:in `block in start_thread'


  Rendered /usr/local/rvm/gems/ruby-2.0.0-p195/gems/actionpack-4.0.3/lib/action_dispatch/middleware/templates/rescues/_trace.erb (2.1ms)
  Rendered /usr/local/rvm/gems/ruby-2.0.0-p195/gems/actionpack-4.0.3/lib/action_dispatch/middleware/templates/routes/_route.html.erb (1.1ms)
  Rendered /usr/local/rvm/gems/ruby-2.0.0-p195/gems/actionpack-4.0.3/lib/action_dispatch/middleware/templates/routes/_table.html.erb (1.1ms)
  Rendered /usr/local/rvm/gems/ruby-2.0.0-p195/gems/actionpack-4.0.3/lib/action_dispatch/middleware/templates/rescues/routing_error.erb within rescues/layout (16.4ms)


Started GET "/about" for 127.0.0.1 at 2014-03-18 22:14:35 +0545
Processing by PagesController#about as HTML
  Rendered pages/about.html.erb within layouts/application (1.2ms)
Completed 200 OK in 8ms (Views: 6.4ms | ActiveRecord: 0.0ms)


Started GET "/assets/application.css?body=1" for 127.0.0.1 at 2014-03-18 22:14:35 +0545


Started GET "/assets/pages.css?body=1" for 127.0.0.1 at 2014-03-18 22:14:35 +0545


Started GET "/assets/jquery_ujs.js?body=1" for 127.0.0.1 at 2014-03-18 22:14:35 +0545


Started GET "/assets/jquery.js?body=1" for 127.0.0.1 at 2014-03-18 22:14:35 +0545


Started GET "/assets/turbolinks.js?body=1" for 127.0.0.1 at 2014-03-18 22:14:35 +0545


Started GET "/assets/pages.js?body=1" for 127.0.0.1 at 2014-03-18 22:14:35 +0545


Started GET "/assets/application.js?body=1" for 127.0.0.1 at 2014-03-18 22:14:35 +0545


Started GET "/" for 127.0.0.1 at 2014-03-18 22:14:37 +0545
Processing by PagesController#home as HTML
  Rendered pages/home.html.erb within layouts/application (1.2ms)
Completed 200 OK in 9ms (Views: 7.8ms | ActiveRecord: 0.0ms)


Started GET "/" for 127.0.0.1 at 2014-03-18 22:16:39 +0545
Processing by PagesController#home as HTML
  Rendered pages/home.html.erb within layouts/application (0.7ms)
Completed 200 OK in 8ms (Views: 6.7ms | ActiveRecord: 0.0ms)


Started GET "/assets/application.css?body=1" for 127.0.0.1 at 2014-03-18 22:16:39 +0545


Started GET "/assets/pages.css?body=1" for 127.0.0.1 at 2014-03-18 22:16:39 +0545


Started GET "/assets/turbolinks.js?body=1" for 127.0.0.1 at 2014-03-18 22:16:39 +0545


Started GET "/assets/application.js?body=1" for 127.0.0.1 at 2014-03-18 22:16:39 +0545


Started GET "/assets/jquery_ujs.js?body=1" for 127.0.0.1 at 2014-03-18 22:16:39 +0545


Started GET "/assets/pages.js?body=1" for 127.0.0.1 at 2014-03-18 22:16:39 +0545


Started GET "/assets/jquery.js?body=1" for 127.0.0.1 at 2014-03-18 22:16:39 +0545


Started GET "/about" for 127.0.0.1 at 2014-03-18 22:16:40 +0545
Processing by PagesController#about as HTML
  Rendered pages/about.html.erb within layouts/application (1.4ms)
Completed 200 OK in 9ms (Views: 7.9ms | ActiveRecord: 0.0ms)


Started GET "/" for 127.0.0.1 at 2014-03-18 22:16:41 +0545
Processing by PagesController#home as HTML
  Rendered pages/home.html.erb within layouts/application (0.6ms)
Completed 200 OK in 6ms (Views: 5.6ms | ActiveRecord: 0.0ms)


Started GET "/about" for 127.0.0.1 at 2014-03-18 22:16:43 +0545
Processing by PagesController#about as HTML
  Rendered pages/about.html.erb within layouts/application (0.5ms)
Completed 200 OK in 7ms (Views: 6.0ms | ActiveRecord: 0.0ms)


Started GET "/" for 127.0.0.1 at 2014-03-18 22:16:52 +0545
Processing by PagesController#home as HTML
  Rendered pages/home.html.erb within layouts/application (0.2ms)
Completed 200 OK in 6ms (Views: 5.9ms | ActiveRecord: 0.0ms)


Started GET "/about" for 127.0.0.1 at 2014-03-18 22:16:53 +0545
Processing by PagesController#about as HTML
  Rendered pages/about.html.erb within layouts/application (0.7ms)
Completed 200 OK in 11ms (Views: 10.3ms | ActiveRecord: 0.0ms)


Started GET "/" for 127.0.0.1 at 2014-03-18 22:16:54 +0545
Processing by PagesController#home as HTML
  Rendered pages/home.html.erb within layouts/application (0.1ms)
Completed 200 OK in 7ms (Views: 6.2ms | ActiveRecord: 0.0ms)
